
**** Clean-only build of configuration Debug for project LLC_HB ****

"D:\\APP\\CCS\\ccs\\utils\\bin\\gmake" -k -j 12 clean -O 
 
DEL /F  "LLC_HB.out" 
DEL /F "Software\APP\main.obj" "Software\Device\Source\clear_program_flash.obj" "Software\Device\Source\load_UCD3138A.obj" "Software\Hardware_Drive\DPP\init_dpwms.obj" "Software\Hardware_Drive\DPP\init_filters.obj" "Software\Hardware_Drive\DPP\init_front_ends.obj" "Software\Hardware_Drive\DPP\init_loop_mux.obj" "Software\Hardware_Drive\Fault\init_adc12.obj" "Software\Hardware_Drive\Fault\init_cpcc.obj" "Software\Hardware_Drive\Fault\init_current_sharing.obj" "Software\Hardware_Drive\Fault\init_fault_mux.obj" "Software\Hardware_Drive\Fault\init_miscellaneous.obj" "Software\Hardware_Drive\Flash\flash.obj" "Software\Hardware_Drive\Flash\store_restore_functions.obj" "Software\Hardware_Drive\Interrupt\interrupts.obj" "Software\Hardware_Drive\Interrupt\software_interrupt.obj" "Software\Hardware_Drive\Interrupt\software_interrupt_wrapper.obj" "Software\Hardware_Drive\Interrupt\standard_interrupt.obj" "Software\Hardware_Drive\Pmbus\pmbus_command_indexes.obj" "Software\Hardware_Drive\Pmbus\pmbus_common.obj" 
DEL /F "Software\Hardware_Drive\Pmbus\pmbus_driver.obj" "Software\Hardware_Drive\Uart\UART_Auto_Baud.obj" "Software\Hardware_Drive\Uart\uart.obj" "Software\Hardware_Drive\constants.obj" "Software\Hardware_Drive\cyclone_global_variables_defs.obj" "Software\Hardware_Drive\gpio.obj" "Software\Hardware_Drive\init_watchdog.obj" "Software\Task_Handler\Pmbus_handler_more\pmbus_topology.obj" "Software\Task_Handler\configuration_functions.obj" "Software\Task_Handler\fault_handler.obj" "Software\Task_Handler\scale.obj" 
Finished clean
 

**** Build Finished ****

**** Build of configuration Debug for project LLC_HB ****

"D:\\APP\\CCS\\ccs\\utils\\bin\\gmake" -k -j 12 all -O 
 
Building file: "../Software/Device/Source/clear_program_flash.c"
Invoking: Arm Compiler
"D:/APP/CCS/ccs/tools/compiler/ti-cgt-arm_5.2.9/bin/armcl" -mv4 --code_state=32 --abi=ti_arm9_abi -O2 --include_path="D:/Workspace/Power/5.Code/FB_LLC/FB_LLC_Test/LLC_HB/Software/Device/Header" --include_path="D:/Workspace/Power/5.Code/FB_LLC/FB_LLC_Test/LLC_HB/Software/Hardware_Drive/Interrupt" --include_path="D:/Workspace/Power/5.Code/FB_LLC/FB_LLC_Test/LLC_HB/Software/Hardware_Drive/Pmbus" --include_path="D:/Workspace/Power/5.Code/FB_LLC/FB_LLC_Test/LLC_HB" --include_path="D:/APP/CCS/ccs/tools/compiler/ti-cgt-arm_5.2.9/include" -g --preproc_with_comment --preproc_with_compile --define=UCD3138A --diag_warning=225 --diag_wrap=off --display_error_number --pp_directory="D:/Workspace/Power/5.Code/FB_LLC/FB_LLC_Test/LLC_HB/Debug/UCD3138A" --obj_directory="Software/Device/Source"  "../Software/Device/Source/clear_program_flash.c"
 
>> Compilation failure
Software/Device/Source/subdir_rules.mk:9: recipe for target 'Software/Device/Source/clear_program_flash.obj' failed
"../Software/Device/Source/clear_program_flash.c", line 19: fatal error #1965: cannot open source file "system_defines.h"
1 catastrophic error detected in the compilation of "../Software/Device/Source/clear_program_flash.c".
Compilation terminated.
gmake: *** [Software/Device/Source/clear_program_flash.obj] Error 1
Building file: "../Software/APP/main.c"
Invoking: Arm Compiler
"D:/APP/CCS/ccs/tools/compiler/ti-cgt-arm_5.2.9/bin/armcl" -mv4 --code_state=16 --abi=ti_arm9_abi -O2 --include_path="D:/Workspace/Power/5.Code/FB_LLC/FB_LLC_Test/LLC_HB/Software/Device/Header" --include_path="D:/Workspace/Power/5.Code/FB_LLC/FB_LLC_Test/LLC_HB/Software/Hardware_Drive/Interrupt" --include_path="D:/Workspace/Power/5.Code/FB_LLC/FB_LLC_Test/LLC_HB/Software/Hardware_Drive/Pmbus" --include_path="D:/Workspace/Power/5.Code/FB_LLC/FB_LLC_Test/LLC_HB" --include_path="D:/APP/CCS/ccs/tools/compiler/ti-cgt-arm_5.2.9/include" -g --preproc_with_comment --preproc_with_compile --define=UCD3138A --diag_warning=225 --diag_wrap=off --display_error_number --pp_directory="D:/Workspace/Power/5.Code/FB_LLC/FB_LLC_Test/LLC_HB/Debug/UCD3138A" --obj_directory="Software/APP"  "../Software/APP/main.c"
Finished building: "../Software/APP/main.c"
 
Building file: "../Software/Device/Source/load_UCD3138A.asm"
Invoking: Arm Compiler
"D:/APP/CCS/ccs/tools/compiler/ti-cgt-arm_5.2.9/bin/armcl" -mv4 --code_state=16 --abi=ti_arm9_abi -O2 --include_path="D:/Workspace/Power/5.Code/FB_LLC/FB_LLC_Test/LLC_HB/Software/Device/Header" --include_path="D:/Workspace/Power/5.Code/FB_LLC/FB_LLC_Test/LLC_HB/Software/Hardware_Drive/Interrupt" --include_path="D:/Workspace/Power/5.Code/FB_LLC/FB_LLC_Test/LLC_HB/Software/Hardware_Drive/Pmbus" --include_path="D:/Workspace/Power/5.Code/FB_LLC/FB_LLC_Test/LLC_HB" --include_path="D:/APP/CCS/ccs/tools/compiler/ti-cgt-arm_5.2.9/include" -g --preproc_with_comment --preproc_with_compile --define=UCD3138A --diag_warning=225 --diag_wrap=off --display_error_number --pp_directory="D:/Workspace/Power/5.Code/FB_LLC/FB_LLC_Test/LLC_HB/Debug/UCD3138A" --obj_directory="Software/Device/Source"  "../Software/Device/Source/load_UCD3138A.asm"
Finished building: "../Software/Device/Source/load_UCD3138A.asm"
 
gmake: Target 'all' not remade because of errors.

**** Build Finished ****

**** Clean-only build of configuration Debug for project LLC_HB ****

"D:\\APP\\CCS\\ccs\\utils\\bin\\gmake" -k -j 12 clean -O 
 
DEL /F  "LLC_HB.out" 
DEL /F "Software\APP\main.obj" "Software\Device\Source\clear_program_flash.obj" "Software\Device\Source\load_UCD3138A.obj" 
找不到 D:\Workspace\Power\5.Code\FB_LLC\FB_LLC_Test\LLC_HB\Debug\LLC_HB.out
Finished clean
 

**** Build Finished ****

**** Build of configuration Debug for project LLC_HB ****

"D:\\APP\\CCS\\ccs\\utils\\bin\\gmake" -k -j 12 all -O 
 
Building file: "../Software/Device/Source/clear_program_flash.c"
Invoking: Arm Compiler
"D:/APP/CCS/ccs/tools/compiler/ti-cgt-arm_5.2.9/bin/armcl" -mv4 --code_state=32 --abi=ti_arm9_abi -O2 --include_path="D:/Workspace/Power/5.Code/FB_LLC/FB_LLC_Test/LLC_HB/Software/Device/Header" --include_path="D:/Workspace/Power/5.Code/FB_LLC/FB_LLC_Test/LLC_HB/Software/Hardware_Drive/Interrupt" --include_path="D:/Workspace/Power/5.Code/FB_LLC/FB_LLC_Test/LLC_HB/Software/Hardware_Drive/Pmbus" --include_path="D:/Workspace/Power/5.Code/FB_LLC/FB_LLC_Test/LLC_HB" --include_path="D:/APP/CCS/ccs/tools/compiler/ti-cgt-arm_5.2.9/include" -g --preproc_with_comment --preproc_with_compile --define=UCD3138A --diag_warning=225 --diag_wrap=off --display_error_number --pp_directory="D:/Workspace/Power/5.Code/FB_LLC/FB_LLC_Test/LLC_HB/Debug/UCD3138A" --obj_directory="Software/Device/Source"  "../Software/Device/Source/clear_program_flash.c"
 
>> Compilation failure
Software/Device/Source/subdir_rules.mk:9: recipe for target 'Software/Device/Source/clear_program_flash.obj' failed
"../Software/Device/Source/clear_program_flash.c", line 20: fatal error #1965: cannot open source file "variables.h"
1 catastrophic error detected in the compilation of "../Software/Device/Source/clear_program_flash.c".
Compilation terminated.
gmake: *** [Software/Device/Source/clear_program_flash.obj] Error 1
Building file: "../Software/APP/main.c"
Invoking: Arm Compiler
"D:/APP/CCS/ccs/tools/compiler/ti-cgt-arm_5.2.9/bin/armcl" -mv4 --code_state=16 --abi=ti_arm9_abi -O2 --include_path="D:/Workspace/Power/5.Code/FB_LLC/FB_LLC_Test/LLC_HB/Software/Device/Header" --include_path="D:/Workspace/Power/5.Code/FB_LLC/FB_LLC_Test/LLC_HB/Software/Hardware_Drive/Interrupt" --include_path="D:/Workspace/Power/5.Code/FB_LLC/FB_LLC_Test/LLC_HB/Software/Hardware_Drive/Pmbus" --include_path="D:/Workspace/Power/5.Code/FB_LLC/FB_LLC_Test/LLC_HB" --include_path="D:/APP/CCS/ccs/tools/compiler/ti-cgt-arm_5.2.9/include" -g --preproc_with_comment --preproc_with_compile --define=UCD3138A --diag_warning=225 --diag_wrap=off --display_error_number --pp_directory="D:/Workspace/Power/5.Code/FB_LLC/FB_LLC_Test/LLC_HB/Debug/UCD3138A" --obj_directory="Software/APP"  "../Software/APP/main.c"
Finished building: "../Software/APP/main.c"
 
Building file: "../Software/Device/Source/load_UCD3138A.asm"
Invoking: Arm Compiler
"D:/APP/CCS/ccs/tools/compiler/ti-cgt-arm_5.2.9/bin/armcl" -mv4 --code_state=16 --abi=ti_arm9_abi -O2 --include_path="D:/Workspace/Power/5.Code/FB_LLC/FB_LLC_Test/LLC_HB/Software/Device/Header" --include_path="D:/Workspace/Power/5.Code/FB_LLC/FB_LLC_Test/LLC_HB/Software/Hardware_Drive/Interrupt" --include_path="D:/Workspace/Power/5.Code/FB_LLC/FB_LLC_Test/LLC_HB/Software/Hardware_Drive/Pmbus" --include_path="D:/Workspace/Power/5.Code/FB_LLC/FB_LLC_Test/LLC_HB" --include_path="D:/APP/CCS/ccs/tools/compiler/ti-cgt-arm_5.2.9/include" -g --preproc_with_comment --preproc_with_compile --define=UCD3138A --diag_warning=225 --diag_wrap=off --display_error_number --pp_directory="D:/Workspace/Power/5.Code/FB_LLC/FB_LLC_Test/LLC_HB/Debug/UCD3138A" --obj_directory="Software/Device/Source"  "../Software/Device/Source/load_UCD3138A.asm"
Finished building: "../Software/Device/Source/load_UCD3138A.asm"
 
gmake: Target 'all' not remade because of errors.

**** Build Finished ****

**** Clean-only build of configuration Debug for project LLC_HB ****

"D:\\APP\\CCS\\ccs\\utils\\bin\\gmake" -k -j 12 clean -O 
 
DEL /F  "LLC_HB.out" 
DEL /F "Software\APP\main.obj" "Software\Device\Source\clear_program_flash.obj" "Software\Device\Source\load_UCD3138A.obj" 
找不到 D:\Workspace\Power\5.Code\FB_LLC\FB_LLC_Test\LLC_HB\Debug\LLC_HB.out
Finished clean
 

**** Build Finished ****

**** Build of configuration Debug for project LLC_HB ****

"D:\\APP\\CCS\\ccs\\utils\\bin\\gmake" -k -j 12 all -O 
 
Building file: "../Software/Device/Source/clear_program_flash.c"
Invoking: Arm Compiler
"D:/APP/CCS/ccs/tools/compiler/ti-cgt-arm_5.2.9/bin/armcl" -mv4 --code_state=32 --abi=ti_arm9_abi -O2 --include_path="D:/Workspace/Power/5.Code/FB_LLC/FB_LLC_Test/LLC_HB/Software/Device/Header" --include_path="D:/Workspace/Power/5.Code/FB_LLC/FB_LLC_Test/LLC_HB/Software/Hardware_Drive/Interrupt" --include_path="D:/Workspace/Power/5.Code/FB_LLC/FB_LLC_Test/LLC_HB/Software/Hardware_Drive/Pmbus" --include_path="D:/Workspace/Power/5.Code/FB_LLC/FB_LLC_Test/LLC_HB" --include_path="D:/APP/CCS/ccs/tools/compiler/ti-cgt-arm_5.2.9/include" -g --preproc_with_comment --preproc_with_compile --define=UCD3138A --diag_warning=225 --diag_wrap=off --display_error_number --pp_directory="D:/Workspace/Power/5.Code/FB_LLC/FB_LLC_Test/LLC_HB/Debug/UCD3138A" --obj_directory="Software/Device/Source"  "../Software/Device/Source/clear_program_flash.c"
 
>> Compilation failure
Software/Device/Source/subdir_rules.mk:9: recipe for target 'Software/Device/Source/clear_program_flash.obj' failed
"../Software/Device/Source/clear_program_flash.c", line 46: error #20: identifier "MFBALRX_BYTE0_BLOCK_SIZE_32K" is undefined
"../Software/Device/Source/clear_program_flash.c", line 49: error #20: identifier "MFBALRX_BYTE0_RONLY" is undefined
2 errors detected in the compilation of "../Software/Device/Source/clear_program_flash.c".
gmake: *** [Software/Device/Source/clear_program_flash.obj] Error 1
Building file: "../Software/Device/Source/load_UCD3138A.asm"
Invoking: Arm Compiler
"D:/APP/CCS/ccs/tools/compiler/ti-cgt-arm_5.2.9/bin/armcl" -mv4 --code_state=16 --abi=ti_arm9_abi -O2 --include_path="D:/Workspace/Power/5.Code/FB_LLC/FB_LLC_Test/LLC_HB/Software/Device/Header" --include_path="D:/Workspace/Power/5.Code/FB_LLC/FB_LLC_Test/LLC_HB/Software/Hardware_Drive/Interrupt" --include_path="D:/Workspace/Power/5.Code/FB_LLC/FB_LLC_Test/LLC_HB/Software/Hardware_Drive/Pmbus" --include_path="D:/Workspace/Power/5.Code/FB_LLC/FB_LLC_Test/LLC_HB" --include_path="D:/APP/CCS/ccs/tools/compiler/ti-cgt-arm_5.2.9/include" -g --preproc_with_comment --preproc_with_compile --define=UCD3138A --diag_warning=225 --diag_wrap=off --display_error_number --pp_directory="D:/Workspace/Power/5.Code/FB_LLC/FB_LLC_Test/LLC_HB/Debug/UCD3138A" --obj_directory="Software/Device/Source"  "../Software/Device/Source/load_UCD3138A.asm"
Finished building: "../Software/Device/Source/load_UCD3138A.asm"
 
Building file: "../Software/APP/main.c"
Invoking: Arm Compiler
"D:/APP/CCS/ccs/tools/compiler/ti-cgt-arm_5.2.9/bin/armcl" -mv4 --code_state=16 --abi=ti_arm9_abi -O2 --include_path="D:/Workspace/Power/5.Code/FB_LLC/FB_LLC_Test/LLC_HB/Software/Device/Header" --include_path="D:/Workspace/Power/5.Code/FB_LLC/FB_LLC_Test/LLC_HB/Software/Hardware_Drive/Interrupt" --include_path="D:/Workspace/Power/5.Code/FB_LLC/FB_LLC_Test/LLC_HB/Software/Hardware_Drive/Pmbus" --include_path="D:/Workspace/Power/5.Code/FB_LLC/FB_LLC_Test/LLC_HB" --include_path="D:/APP/CCS/ccs/tools/compiler/ti-cgt-arm_5.2.9/include" -g --preproc_with_comment --preproc_with_compile --define=UCD3138A --diag_warning=225 --diag_wrap=off --display_error_number --pp_directory="D:/Workspace/Power/5.Code/FB_LLC/FB_LLC_Test/LLC_HB/Debug/UCD3138A" --obj_directory="Software/APP"  "../Software/APP/main.c"
Finished building: "../Software/APP/main.c"
 
gmake: Target 'all' not remade because of errors.

**** Build Finished ****

**** Clean-only build of configuration Debug for project LLC_HB ****

"D:\\APP\\CCS\\ccs\\utils\\bin\\gmake" -k -j 12 clean -O 
 
DEL /F  "LLC_HB.out" 
DEL /F "Software\APP\main.obj" "Software\Device\Source\clear_program_flash.obj" "Software\Device\Source\load_UCD3138A.obj" 
找不到 D:\Workspace\Power\5.Code\FB_LLC\FB_LLC_Test\LLC_HB\Debug\LLC_HB.out
Finished clean
 

**** Build Finished ****

**** Build of configuration Debug for project LLC_HB ****

"D:\\APP\\CCS\\ccs\\utils\\bin\\gmake" -k -j 12 all -O 
 
Building file: "../Software/Device/Source/load_UCD3138A.asm"
Invoking: Arm Compiler
"D:/APP/CCS/ccs/tools/compiler/ti-cgt-arm_5.2.9/bin/armcl" -mv4 --code_state=16 --abi=ti_arm9_abi -O2 --include_path="D:/Workspace/Power/5.Code/FB_LLC/FB_LLC_Test/LLC_HB/Software/Device/Header" --include_path="D:/Workspace/Power/5.Code/FB_LLC/FB_LLC_Test/LLC_HB/Software/Hardware_Drive/Interrupt" --include_path="D:/Workspace/Power/5.Code/FB_LLC/FB_LLC_Test/LLC_HB/Software/Hardware_Drive/Pmbus" --include_path="D:/Workspace/Power/5.Code/FB_LLC/FB_LLC_Test/LLC_HB" --include_path="D:/APP/CCS/ccs/tools/compiler/ti-cgt-arm_5.2.9/include" -g --preproc_with_comment --preproc_with_compile --define=UCD3138A --diag_warning=225 --diag_wrap=off --display_error_number --pp_directory="D:/Workspace/Power/5.Code/FB_LLC/FB_LLC_Test/LLC_HB/Debug/UCD3138A" --obj_directory="Software/Device/Source"  "../Software/Device/Source/load_UCD3138A.asm"
Finished building: "../Software/Device/Source/load_UCD3138A.asm"
 
Building file: "../Software/APP/main.c"
Invoking: Arm Compiler
"D:/APP/CCS/ccs/tools/compiler/ti-cgt-arm_5.2.9/bin/armcl" -mv4 --code_state=16 --abi=ti_arm9_abi -O2 --include_path="D:/Workspace/Power/5.Code/FB_LLC/FB_LLC_Test/LLC_HB/Software/Device/Header" --include_path="D:/Workspace/Power/5.Code/FB_LLC/FB_LLC_Test/LLC_HB/Software/Hardware_Drive/Interrupt" --include_path="D:/Workspace/Power/5.Code/FB_LLC/FB_LLC_Test/LLC_HB/Software/Hardware_Drive/Pmbus" --include_path="D:/Workspace/Power/5.Code/FB_LLC/FB_LLC_Test/LLC_HB" --include_path="D:/APP/CCS/ccs/tools/compiler/ti-cgt-arm_5.2.9/include" -g --preproc_with_comment --preproc_with_compile --define=UCD3138A --diag_warning=225 --diag_wrap=off --display_error_number --pp_directory="D:/Workspace/Power/5.Code/FB_LLC/FB_LLC_Test/LLC_HB/Debug/UCD3138A" --obj_directory="Software/APP"  "../Software/APP/main.c"
Finished building: "../Software/APP/main.c"
 
Building target: "LLC_HB.out"
Invoking: Arm Linker
"D:/APP/CCS/ccs/tools/compiler/ti-cgt-arm_5.2.9/bin/armcl" -mv4 --code_state=32 --abi=ti_arm9_abi -O2 -g --preproc_with_comment --preproc_with_compile --define=UCD3138A --diag_warning=225 --diag_wrap=off --display_error_number --pp_directory="D:/Workspace/Power/5.Code/FB_LLC/FB_LLC_Test/LLC_HB/Debug/UCD3138A" -z -m"LLC_HB.map" --stack_size=0x800 --heap_size=0x800 -i"D:/APP/CCS/ccs/tools/compiler/ti-cgt-arm_5.2.9/lib" -i"D:/APP/CCS/ccs/tools/compiler/ti-cgt-arm_5.2.9/include" --reread_libs --diag_wrap=off --display_error_number --warn_sections --xml_link_info="LLC_HB_linkInfo.xml" --rom_model -o "LLC_HB.out" "./Software/APP/main.obj" "./Software/Device/Source/load_UCD3138A.obj"  -llibc.a -l"D:/Workspace/Power/5.Code/FB_LLC/LLC_Refactoring/LLC_HB/Software/Device/Linker/cyclone_A.cmd" -l"D:/Workspace/Power/5.Code/FB_LLC/LLC_Refactoring/LLC_HB/Software/Device/Linker/cyclone_A_headers.cmd" 
<Linking>
 
 undefined                        first referenced                          
  symbol                              in file                               
 ---------                        ----------------                          
 _abort_data_fetch_exception      ./Software/Device/Source/load_UCD3138A.obj
 _abort_prefetch_exception        ./Software/Device/Source/load_UCD3138A.obj
 _fast_interrupt                  ./Software/Device/Source/load_UCD3138A.obj
 _software_interrupt              ./Software/Device/Source/load_UCD3138A.obj
 _standard_interrupt              ./Software/Device/Source/load_UCD3138A.obj
 _undefined_instruction_exception ./Software/Device/Source/load_UCD3138A.obj
 
error #10234-D: unresolved symbols remain
 
error #10010: errors encountered during linking; "LLC_HB.out" not built
>> Compilation failure
makefile:139: recipe for target 'LLC_HB.out' failed
gmake[1]: *** [LLC_HB.out] Error 1
gmake: *** [all] Error 2
makefile:135: recipe for target 'all' failed

**** Build Finished ****

**** Clean-only build of configuration Debug for project LLC_HB ****

"D:\\APP\\CCS\\ccs\\utils\\bin\\gmake" -k -j 12 clean -O 
 
DEL /F  "LLC_HB.out" 
DEL /F "Software\APP\main.obj" "Software\Device\Source\load_UCD3138A.obj" 
找不到 D:\Workspace\Power\5.Code\FB_LLC\FB_LLC_Test\LLC_HB\Debug\LLC_HB.out
Finished clean
 

**** Build Finished ****

**** Build of configuration Debug for project LLC_HB ****

"D:\\APP\\CCS\\ccs\\utils\\bin\\gmake" -k -j 12 all -O 
 
Building file: "../Software/Hardware_Drive/Interrupt/interrupt.c"
Invoking: Arm Compiler
"D:/APP/CCS/ccs/tools/compiler/ti-cgt-arm_5.2.9/bin/armcl" -mv4 --code_state=32 --abi=ti_arm9_abi -O2 --include_path="D:/Workspace/Power/5.Code/FB_LLC/FB_LLC_Test/LLC_HB/Software/Device/Header" --include_path="D:/Workspace/Power/5.Code/FB_LLC/FB_LLC_Test/LLC_HB/Software/Hardware_Drive/Interrupt" --include_path="D:/Workspace/Power/5.Code/FB_LLC/FB_LLC_Test/LLC_HB/Software/Hardware_Drive/Pmbus" --include_path="D:/Workspace/Power/5.Code/FB_LLC/FB_LLC_Test/LLC_HB" --include_path="D:/APP/CCS/ccs/tools/compiler/ti-cgt-arm_5.2.9/include" -g --preproc_with_comment --preproc_with_compile --define=UCD3138A --diag_warning=225 --diag_wrap=off --display_error_number --pp_directory="D:/Workspace/Power/5.Code/FB_LLC/FB_LLC_Test/LLC_HB/Debug/UCD3138A" --obj_directory="Software/Hardware_Drive/Interrupt"  "../Software/Hardware_Drive/Interrupt/interrupt.c"
 
>> Compilation failure
Software/Hardware_Drive/Interrupt/subdir_rules.mk:9: recipe for target 'Software/Hardware_Drive/Interrupt/interrupt.obj' failed
"../Software/Hardware_Drive/Interrupt/interrupt.c", line 29: error #20: identifier "Uint32" is undefined
"../Software/Hardware_Drive/Interrupt/interrupt.c", line 29: error #20: identifier "Uint32" is undefined
"../Software/Hardware_Drive/Interrupt/interrupt.c", line 29: error #20: identifier "Uint32" is undefined
"../Software/Hardware_Drive/Interrupt/interrupt.c", line 29: error #20: identifier "Uint8" is undefined
4 errors detected in the compilation of "../Software/Hardware_Drive/Interrupt/interrupt.c".
gmake: *** [Software/Hardware_Drive/Interrupt/interrupt.obj] Error 1
Building file: "../Software/Device/Source/load_UCD3138A.asm"
Invoking: Arm Compiler
"D:/APP/CCS/ccs/tools/compiler/ti-cgt-arm_5.2.9/bin/armcl" -mv4 --code_state=16 --abi=ti_arm9_abi -O2 --include_path="D:/Workspace/Power/5.Code/FB_LLC/FB_LLC_Test/LLC_HB/Software/Device/Header" --include_path="D:/Workspace/Power/5.Code/FB_LLC/FB_LLC_Test/LLC_HB/Software/Hardware_Drive/Interrupt" --include_path="D:/Workspace/Power/5.Code/FB_LLC/FB_LLC_Test/LLC_HB/Software/Hardware_Drive/Pmbus" --include_path="D:/Workspace/Power/5.Code/FB_LLC/FB_LLC_Test/LLC_HB" --include_path="D:/APP/CCS/ccs/tools/compiler/ti-cgt-arm_5.2.9/include" -g --preproc_with_comment --preproc_with_compile --define=UCD3138A --diag_warning=225 --diag_wrap=off --display_error_number --pp_directory="D:/Workspace/Power/5.Code/FB_LLC/FB_LLC_Test/LLC_HB/Debug/UCD3138A" --obj_directory="Software/Device/Source"  "../Software/Device/Source/load_UCD3138A.asm"
Finished building: "../Software/Device/Source/load_UCD3138A.asm"
 
Building file: "../Software/APP/main.c"
Invoking: Arm Compiler
"D:/APP/CCS/ccs/tools/compiler/ti-cgt-arm_5.2.9/bin/armcl" -mv4 --code_state=16 --abi=ti_arm9_abi -O2 --include_path="D:/Workspace/Power/5.Code/FB_LLC/FB_LLC_Test/LLC_HB/Software/Device/Header" --include_path="D:/Workspace/Power/5.Code/FB_LLC/FB_LLC_Test/LLC_HB/Software/Hardware_Drive/Interrupt" --include_path="D:/Workspace/Power/5.Code/FB_LLC/FB_LLC_Test/LLC_HB/Software/Hardware_Drive/Pmbus" --include_path="D:/Workspace/Power/5.Code/FB_LLC/FB_LLC_Test/LLC_HB" --include_path="D:/APP/CCS/ccs/tools/compiler/ti-cgt-arm_5.2.9/include" -g --preproc_with_comment --preproc_with_compile --define=UCD3138A --diag_warning=225 --diag_wrap=off --display_error_number --pp_directory="D:/Workspace/Power/5.Code/FB_LLC/FB_LLC_Test/LLC_HB/Debug/UCD3138A" --obj_directory="Software/APP"  "../Software/APP/main.c"
Finished building: "../Software/APP/main.c"
 
gmake: Target 'all' not remade because of errors.

**** Build Finished ****

**** Clean-only build of configuration Debug for project LLC_HB ****

"D:\\APP\\CCS\\ccs\\utils\\bin\\gmake" -k -j 12 clean -O 
 
DEL /F  "LLC_HB.out" 
DEL /F "Software\APP\main.obj" "Software\Device\Source\load_UCD3138A.obj" "Software\Hardware_Drive\Interrupt\interrupt.obj" 
找不到 D:\Workspace\Power\5.Code\FB_LLC\FB_LLC_Test\LLC_HB\Debug\LLC_HB.out
找不到 D:\Workspace\Power\5.Code\FB_LLC\FB_LLC_Test\LLC_HB\Debug\Software\Hardware_Drive\Interrupt\interrupt.obj
Finished clean
 

**** Build Finished ****

**** Build of configuration Debug for project LLC_HB ****

"D:\\APP\\CCS\\ccs\\utils\\bin\\gmake" -k -j 12 all -O 
 
Building file: "../Software/Device/Source/load_UCD3138A.asm"
Invoking: Arm Compiler
"D:/APP/CCS/ccs/tools/compiler/ti-cgt-arm_5.2.9/bin/armcl" -mv4 --code_state=16 --abi=ti_arm9_abi -O2 --include_path="D:/Workspace/Power/5.Code/FB_LLC/FB_LLC_Test/LLC_HB/Software/Device/Header" --include_path="D:/Workspace/Power/5.Code/FB_LLC/FB_LLC_Test/LLC_HB/Software/Hardware_Drive/Interrupt" --include_path="D:/Workspace/Power/5.Code/FB_LLC/FB_LLC_Test/LLC_HB/Software/Hardware_Drive/Pmbus" --include_path="D:/Workspace/Power/5.Code/FB_LLC/FB_LLC_Test/LLC_HB" --include_path="D:/APP/CCS/ccs/tools/compiler/ti-cgt-arm_5.2.9/include" -g --preproc_with_comment --preproc_with_compile --define=UCD3138A --diag_warning=225 --diag_wrap=off --display_error_number --pp_directory="D:/Workspace/Power/5.Code/FB_LLC/FB_LLC_Test/LLC_HB/Debug/UCD3138A" --obj_directory="Software/Device/Source"  "../Software/Device/Source/load_UCD3138A.asm"
Finished building: "../Software/Device/Source/load_UCD3138A.asm"
 
Building file: "../Software/APP/main.c"
Invoking: Arm Compiler
"D:/APP/CCS/ccs/tools/compiler/ti-cgt-arm_5.2.9/bin/armcl" -mv4 --code_state=16 --abi=ti_arm9_abi -O2 --include_path="D:/Workspace/Power/5.Code/FB_LLC/FB_LLC_Test/LLC_HB/Software/Device/Header" --include_path="D:/Workspace/Power/5.Code/FB_LLC/FB_LLC_Test/LLC_HB/Software/Hardware_Drive/Interrupt" --include_path="D:/Workspace/Power/5.Code/FB_LLC/FB_LLC_Test/LLC_HB/Software/Hardware_Drive/Pmbus" --include_path="D:/Workspace/Power/5.Code/FB_LLC/FB_LLC_Test/LLC_HB" --include_path="D:/APP/CCS/ccs/tools/compiler/ti-cgt-arm_5.2.9/include" -g --preproc_with_comment --preproc_with_compile --define=UCD3138A --diag_warning=225 --diag_wrap=off --display_error_number --pp_directory="D:/Workspace/Power/5.Code/FB_LLC/FB_LLC_Test/LLC_HB/Debug/UCD3138A" --obj_directory="Software/APP"  "../Software/APP/main.c"
Finished building: "../Software/APP/main.c"
 
Building file: "../Software/Hardware_Drive/Interrupt/interrupt.c"
Invoking: Arm Compiler
"D:/APP/CCS/ccs/tools/compiler/ti-cgt-arm_5.2.9/bin/armcl" -mv4 --code_state=32 --abi=ti_arm9_abi -O2 --include_path="D:/Workspace/Power/5.Code/FB_LLC/FB_LLC_Test/LLC_HB/Software/Device/Header" --include_path="D:/Workspace/Power/5.Code/FB_LLC/FB_LLC_Test/LLC_HB/Software/Hardware_Drive/Interrupt" --include_path="D:/Workspace/Power/5.Code/FB_LLC/FB_LLC_Test/LLC_HB/Software/Hardware_Drive/Pmbus" --include_path="D:/Workspace/Power/5.Code/FB_LLC/FB_LLC_Test/LLC_HB" --include_path="D:/APP/CCS/ccs/tools/compiler/ti-cgt-arm_5.2.9/include" -g --preproc_with_comment --preproc_with_compile --define=UCD3138A --diag_warning=225 --diag_wrap=off --display_error_number --pp_directory="D:/Workspace/Power/5.Code/FB_LLC/FB_LLC_Test/LLC_HB/Debug/UCD3138A" --obj_directory="Software/Hardware_Drive/Interrupt"  "../Software/Hardware_Drive/Interrupt/interrupt.c"
Finished building: "../Software/Hardware_Drive/Interrupt/interrupt.c"
 
Building target: "LLC_HB.out"
Invoking: Arm Linker
"D:/APP/CCS/ccs/tools/compiler/ti-cgt-arm_5.2.9/bin/armcl" -mv4 --code_state=32 --abi=ti_arm9_abi -O2 -g --preproc_with_comment --preproc_with_compile --define=UCD3138A --diag_warning=225 --diag_wrap=off --display_error_number --pp_directory="D:/Workspace/Power/5.Code/FB_LLC/FB_LLC_Test/LLC_HB/Debug/UCD3138A" -z -m"LLC_HB.map" --stack_size=0x800 --heap_size=0x800 -i"D:/APP/CCS/ccs/tools/compiler/ti-cgt-arm_5.2.9/lib" -i"D:/APP/CCS/ccs/tools/compiler/ti-cgt-arm_5.2.9/include" --reread_libs --diag_wrap=off --display_error_number --warn_sections --xml_link_info="LLC_HB_linkInfo.xml" --rom_model -o "LLC_HB.out" "./Software/APP/main.obj" "./Software/Device/Source/load_UCD3138A.obj" "./Software/Hardware_Drive/Interrupt/interrupt.obj"  -llibc.a -l"D:/Workspace/Power/5.Code/FB_LLC/LLC_Refactoring/LLC_HB/Software/Device/Linker/cyclone_A.cmd" -l"D:/Workspace/Power/5.Code/FB_LLC/LLC_Refactoring/LLC_HB/Software/Device/Linker/cyclone_A_headers.cmd" 
<Linking>
Finished building target: "LLC_HB.out"
 
"D:/APP/CCS/ccs/tools/compiler/ti-cgt-arm_5.2.9/bin/armhex.exe" -x "LLC_HB.out" -o "LLC_HB.x0" -memwidth 8
Translating to Extended Tektronix format...
   "LLC_HB.out" .vectors ==> .vectors
   "LLC_HB.out" .text ==> .text
 

**** Build Finished ****

**** Clean-only build of configuration Debug for project LLC_HB ****

"D:\\APP\\CCS\\ccs\\utils\\bin\\gmake" -k -j 12 clean -O 
 
DEL /F  "LLC_HB.out" 
DEL /F "Software\APP\main.obj" "Software\Device\Source\load_UCD3138A.obj" "Software\Hardware_Drive\Interrupt\interrupt.obj" 
Finished clean
 

**** Build Finished ****

**** Build of configuration Debug for project LLC_HB ****

"D:\\APP\\CCS\\ccs\\utils\\bin\\gmake" -k -j 12 all -O 
 
Building file: "../Software/Device/Source/load_UCD3138A.asm"
Invoking: Arm Compiler
"D:/APP/CCS/ccs/tools/compiler/ti-cgt-arm_5.2.9/bin/armcl" -mv4 --code_state=16 --abi=ti_arm9_abi -O2 --include_path="D:/Workspace/Power/5.Code/FB_LLC/FB_LLC_Test/LLC_HB/Software/Device/Header" --include_path="D:/Workspace/Power/5.Code/FB_LLC/FB_LLC_Test/LLC_HB/Software/Hardware_Drive/Interrupt" --include_path="D:/Workspace/Power/5.Code/FB_LLC/FB_LLC_Test/LLC_HB/Software/Hardware_Drive/Pmbus" --include_path="D:/Workspace/Power/5.Code/FB_LLC/FB_LLC_Test/LLC_HB" --include_path="D:/APP/CCS/ccs/tools/compiler/ti-cgt-arm_5.2.9/include" -g --preproc_with_comment --preproc_with_compile --define=UCD3138A --diag_warning=225 --diag_wrap=off --display_error_number --pp_directory="D:/Workspace/Power/5.Code/FB_LLC/FB_LLC_Test/LLC_HB/Debug/UCD3138A" --obj_directory="Software/Device/Source"  "../Software/Device/Source/load_UCD3138A.asm"
Finished building: "../Software/Device/Source/load_UCD3138A.asm"
 
Building file: "../Software/APP/main.c"
Invoking: Arm Compiler
"D:/APP/CCS/ccs/tools/compiler/ti-cgt-arm_5.2.9/bin/armcl" -mv4 --code_state=16 --abi=ti_arm9_abi -O2 --include_path="D:/Workspace/Power/5.Code/FB_LLC/FB_LLC_Test/LLC_HB/Software/Device/Header" --include_path="D:/Workspace/Power/5.Code/FB_LLC/FB_LLC_Test/LLC_HB/Software/Hardware_Drive/Interrupt" --include_path="D:/Workspace/Power/5.Code/FB_LLC/FB_LLC_Test/LLC_HB/Software/Hardware_Drive/Pmbus" --include_path="D:/Workspace/Power/5.Code/FB_LLC/FB_LLC_Test/LLC_HB" --include_path="D:/APP/CCS/ccs/tools/compiler/ti-cgt-arm_5.2.9/include" -g --preproc_with_comment --preproc_with_compile --define=UCD3138A --diag_warning=225 --diag_wrap=off --display_error_number --pp_directory="D:/Workspace/Power/5.Code/FB_LLC/FB_LLC_Test/LLC_HB/Debug/UCD3138A" --obj_directory="Software/APP"  "../Software/APP/main.c"
Finished building: "../Software/APP/main.c"
 
Building file: "../Software/Hardware_Drive/Interrupt/interrupt.c"
Invoking: Arm Compiler
"D:/APP/CCS/ccs/tools/compiler/ti-cgt-arm_5.2.9/bin/armcl" -mv4 --code_state=32 --abi=ti_arm9_abi -O2 --include_path="D:/Workspace/Power/5.Code/FB_LLC/FB_LLC_Test/LLC_HB/Software/Device/Header" --include_path="D:/Workspace/Power/5.Code/FB_LLC/FB_LLC_Test/LLC_HB/Software/Hardware_Drive/Interrupt" --include_path="D:/Workspace/Power/5.Code/FB_LLC/FB_LLC_Test/LLC_HB/Software/Hardware_Drive/Pmbus" --include_path="D:/Workspace/Power/5.Code/FB_LLC/FB_LLC_Test/LLC_HB" --include_path="D:/APP/CCS/ccs/tools/compiler/ti-cgt-arm_5.2.9/include" -g --preproc_with_comment --preproc_with_compile --define=UCD3138A --diag_warning=225 --diag_wrap=off --display_error_number --pp_directory="D:/Workspace/Power/5.Code/FB_LLC/FB_LLC_Test/LLC_HB/Debug/UCD3138A" --obj_directory="Software/Hardware_Drive/Interrupt"  "../Software/Hardware_Drive/Interrupt/interrupt.c"
Finished building: "../Software/Hardware_Drive/Interrupt/interrupt.c"
 
Building target: "LLC_HB.out"
Invoking: Arm Linker
"D:/APP/CCS/ccs/tools/compiler/ti-cgt-arm_5.2.9/bin/armcl" -mv4 --code_state=32 --abi=ti_arm9_abi -O2 -g --preproc_with_comment --preproc_with_compile --define=UCD3138A --diag_warning=225 --diag_wrap=off --display_error_number --pp_directory="D:/Workspace/Power/5.Code/FB_LLC/FB_LLC_Test/LLC_HB/Debug/UCD3138A" -z -m"LLC_HB.map" --stack_size=0x800 --heap_size=0x800 -i"D:/APP/CCS/ccs/tools/compiler/ti-cgt-arm_5.2.9/lib" -i"D:/APP/CCS/ccs/tools/compiler/ti-cgt-arm_5.2.9/include" --reread_libs --diag_wrap=off --display_error_number --warn_sections --xml_link_info="LLC_HB_linkInfo.xml" --rom_model -o "LLC_HB.out" "./Software/APP/main.obj" "./Software/Device/Source/load_UCD3138A.obj" "./Software/Hardware_Drive/Interrupt/interrupt.obj"  -llibc.a -l"D:/Workspace/Power/5.Code/FB_LLC/LLC_Refactoring/LLC_HB/Software/Device/Linker/cyclone_A.cmd" -l"D:/Workspace/Power/5.Code/FB_LLC/LLC_Refactoring/LLC_HB/Software/Device/Linker/cyclone_A_headers.cmd" 
<Linking>
Finished building target: "LLC_HB.out"
 
"D:/APP/CCS/ccs/tools/compiler/ti-cgt-arm_5.2.9/bin/armhex.exe" -x "LLC_HB.out" -o "LLC_HB.x0" -memwidth 8
Translating to Extended Tektronix format...
   "LLC_HB.out" .vectors ==> .vectors
   "LLC_HB.out" .text ==> .text
 

**** Build Finished ****

**** Clean-only build of configuration Debug for project LLC_HB ****

"D:\\APP\\CCS\\ccs\\utils\\bin\\gmake" -k -j 12 clean -O 
 
DEL /F  "LLC_HB.out" 
DEL /F "Software\APP\main.obj" "Software\Device\Source\load_UCD3138A.obj" "Software\Hardware_Drive\Interrupt\interrupt.obj" 
Finished clean
 

**** Build Finished ****

**** Build of configuration Debug for project LLC_HB ****

"D:\\APP\\CCS\\ccs\\utils\\bin\\gmake" -k -j 12 all -O 
 
Building file: "../Software/Device/Source/load_UCD3138A.asm"
Invoking: Arm Compiler
"D:/APP/CCS/ccs/tools/compiler/ti-cgt-arm_5.2.9/bin/armcl" -mv4 --code_state=16 --abi=ti_arm9_abi -O2 --include_path="D:/Workspace/Power/5.Code/FB_LLC/FB_LLC_Test/LLC_HB/Software/Device/Header" --include_path="D:/Workspace/Power/5.Code/FB_LLC/FB_LLC_Test/LLC_HB/Software/Hardware_Drive/Interrupt" --include_path="D:/Workspace/Power/5.Code/FB_LLC/FB_LLC_Test/LLC_HB/Software/Hardware_Drive/Pmbus" --include_path="D:/Workspace/Power/5.Code/FB_LLC/FB_LLC_Test/LLC_HB" --include_path="D:/APP/CCS/ccs/tools/compiler/ti-cgt-arm_5.2.9/include" -g --preproc_with_comment --preproc_with_compile --define=UCD3138A --diag_warning=225 --diag_wrap=off --display_error_number --pp_directory="D:/Workspace/Power/5.Code/FB_LLC/FB_LLC_Test/LLC_HB/Debug/UCD3138A" --obj_directory="Software/Device/Source"  "../Software/Device/Source/load_UCD3138A.asm"
Finished building: "../Software/Device/Source/load_UCD3138A.asm"
 
Building file: "../Software/APP/main.c"
Invoking: Arm Compiler
"D:/APP/CCS/ccs/tools/compiler/ti-cgt-arm_5.2.9/bin/armcl" -mv4 --code_state=16 --abi=ti_arm9_abi -O2 --include_path="D:/Workspace/Power/5.Code/FB_LLC/FB_LLC_Test/LLC_HB/Software/Device/Header" --include_path="D:/Workspace/Power/5.Code/FB_LLC/FB_LLC_Test/LLC_HB/Software/Hardware_Drive/Interrupt" --include_path="D:/Workspace/Power/5.Code/FB_LLC/FB_LLC_Test/LLC_HB/Software/Hardware_Drive/Pmbus" --include_path="D:/Workspace/Power/5.Code/FB_LLC/FB_LLC_Test/LLC_HB" --include_path="D:/APP/CCS/ccs/tools/compiler/ti-cgt-arm_5.2.9/include" -g --preproc_with_comment --preproc_with_compile --define=UCD3138A --diag_warning=225 --diag_wrap=off --display_error_number --pp_directory="D:/Workspace/Power/5.Code/FB_LLC/FB_LLC_Test/LLC_HB/Debug/UCD3138A" --obj_directory="Software/APP"  "../Software/APP/main.c"
Finished building: "../Software/APP/main.c"
 
Building file: "../Software/Hardware_Drive/Interrupt/interrupt.c"
Invoking: Arm Compiler
"D:/APP/CCS/ccs/tools/compiler/ti-cgt-arm_5.2.9/bin/armcl" -mv4 --code_state=32 --abi=ti_arm9_abi -O2 --include_path="D:/Workspace/Power/5.Code/FB_LLC/FB_LLC_Test/LLC_HB/Software/Device/Header" --include_path="D:/Workspace/Power/5.Code/FB_LLC/FB_LLC_Test/LLC_HB/Software/Hardware_Drive/Interrupt" --include_path="D:/Workspace/Power/5.Code/FB_LLC/FB_LLC_Test/LLC_HB/Software/Hardware_Drive/Pmbus" --include_path="D:/Workspace/Power/5.Code/FB_LLC/FB_LLC_Test/LLC_HB" --include_path="D:/APP/CCS/ccs/tools/compiler/ti-cgt-arm_5.2.9/include" -g --preproc_with_comment --preproc_with_compile --define=UCD3138A --diag_warning=225 --diag_wrap=off --display_error_number --pp_directory="D:/Workspace/Power/5.Code/FB_LLC/FB_LLC_Test/LLC_HB/Debug/UCD3138A" --obj_directory="Software/Hardware_Drive/Interrupt"  "../Software/Hardware_Drive/Interrupt/interrupt.c"
Finished building: "../Software/Hardware_Drive/Interrupt/interrupt.c"
 
Building target: "LLC_HB.out"
Invoking: Arm Linker
"D:/APP/CCS/ccs/tools/compiler/ti-cgt-arm_5.2.9/bin/armcl" -mv4 --code_state=32 --abi=ti_arm9_abi -O2 -g --preproc_with_comment --preproc_with_compile --define=UCD3138A --diag_warning=225 --diag_wrap=off --display_error_number --pp_directory="D:/Workspace/Power/5.Code/FB_LLC/FB_LLC_Test/LLC_HB/Debug/UCD3138A" -z -m"LLC_HB.map" --stack_size=0x800 --heap_size=0x800 -i"D:/APP/CCS/ccs/tools/compiler/ti-cgt-arm_5.2.9/lib" -i"D:/APP/CCS/ccs/tools/compiler/ti-cgt-arm_5.2.9/include" --reread_libs --diag_wrap=off --display_error_number --warn_sections --xml_link_info="LLC_HB_linkInfo.xml" --rom_model -o "LLC_HB.out" "./Software/APP/main.obj" "./Software/Device/Source/load_UCD3138A.obj" "./Software/Hardware_Drive/Interrupt/interrupt.obj"  -llibc.a -l"D:/Workspace/Power/5.Code/FB_LLC/LLC_Refactoring/LLC_HB/Software/Device/Linker/cyclone_A.cmd" -l"D:/Workspace/Power/5.Code/FB_LLC/LLC_Refactoring/LLC_HB/Software/Device/Linker/cyclone_A_headers.cmd" 
<Linking>
Finished building target: "LLC_HB.out"
 
"D:/APP/CCS/ccs/tools/compiler/ti-cgt-arm_5.2.9/bin/armhex.exe" -x "LLC_HB.out" -o "LLC_HB.x0" -memwidth 8
Translating to Extended Tektronix format...
   "LLC_HB.out" .vectors ==> .vectors
   "LLC_HB.out" .text ==> .text
 

**** Build Finished ****

**** Build of configuration Debug for project LLC_HB ****

"D:\\APP\\CCS\\ccs\\utils\\bin\\gmake" -k -j 12 all -O 
 
gmake[1]: 'LLC_HB.out' is up to date.

**** Build Finished ****

**** Clean-only build of configuration Debug for project LLC_HB ****

"D:\\APP\\CCS\\ccs\\utils\\bin\\gmake" -k -j 12 clean -O 
 
DEL /F  "LLC_HB.out" 
DEL /F "Software\APP\main.obj" "Software\Device\Source\load_UCD3138A.obj" "Software\Hardware_Drive\Interrupt\interrupt.obj" 
Finished clean
 

**** Build Finished ****

**** Build of configuration Debug for project LLC_HB ****

"D:\\APP\\CCS\\ccs\\utils\\bin\\gmake" -k -j 12 all -O 
 
Building file: "../Software/Device/Source/load_UCD3138A.asm"
Invoking: Arm Compiler
"D:/APP/CCS/ccs/tools/compiler/ti-cgt-arm_5.2.9/bin/armcl" -mv4 --code_state=16 --abi=ti_arm9_abi -O2 --include_path="D:/Workspace/Power/5.Code/FB_LLC/FB_LLC_Test/LLC_HB/Software/Device/Header" --include_path="D:/Workspace/Power/5.Code/FB_LLC/FB_LLC_Test/LLC_HB/Software/Hardware_Drive/Interrupt" --include_path="D:/Workspace/Power/5.Code/FB_LLC/FB_LLC_Test/LLC_HB/Software/Hardware_Drive/Pmbus" --include_path="D:/Workspace/Power/5.Code/FB_LLC/FB_LLC_Test/LLC_HB" --include_path="D:/APP/CCS/ccs/tools/compiler/ti-cgt-arm_5.2.9/include" -g --preproc_with_comment --preproc_with_compile --define=UCD3138A --diag_warning=225 --diag_wrap=off --display_error_number --pp_directory="D:/Workspace/Power/5.Code/FB_LLC/FB_LLC_Test/LLC_HB/Debug/UCD3138A" --obj_directory="Software/Device/Source"  "../Software/Device/Source/load_UCD3138A.asm"
Finished building: "../Software/Device/Source/load_UCD3138A.asm"
 
Building file: "../Software/APP/main.c"
Invoking: Arm Compiler
"D:/APP/CCS/ccs/tools/compiler/ti-cgt-arm_5.2.9/bin/armcl" -mv4 --code_state=16 --abi=ti_arm9_abi -O2 --include_path="D:/Workspace/Power/5.Code/FB_LLC/FB_LLC_Test/LLC_HB/Software/Device/Header" --include_path="D:/Workspace/Power/5.Code/FB_LLC/FB_LLC_Test/LLC_HB/Software/Hardware_Drive/Interrupt" --include_path="D:/Workspace/Power/5.Code/FB_LLC/FB_LLC_Test/LLC_HB/Software/Hardware_Drive/Pmbus" --include_path="D:/Workspace/Power/5.Code/FB_LLC/FB_LLC_Test/LLC_HB" --include_path="D:/APP/CCS/ccs/tools/compiler/ti-cgt-arm_5.2.9/include" -g --preproc_with_comment --preproc_with_compile --define=UCD3138A --diag_warning=225 --diag_wrap=off --display_error_number --pp_directory="D:/Workspace/Power/5.Code/FB_LLC/FB_LLC_Test/LLC_HB/Debug/UCD3138A" --obj_directory="Software/APP"  "../Software/APP/main.c"
Finished building: "../Software/APP/main.c"
 
Building file: "../Software/Hardware_Drive/Interrupt/interrupt.c"
Invoking: Arm Compiler
"D:/APP/CCS/ccs/tools/compiler/ti-cgt-arm_5.2.9/bin/armcl" -mv4 --code_state=32 --abi=ti_arm9_abi -O2 --include_path="D:/Workspace/Power/5.Code/FB_LLC/FB_LLC_Test/LLC_HB/Software/Device/Header" --include_path="D:/Workspace/Power/5.Code/FB_LLC/FB_LLC_Test/LLC_HB/Software/Hardware_Drive/Interrupt" --include_path="D:/Workspace/Power/5.Code/FB_LLC/FB_LLC_Test/LLC_HB/Software/Hardware_Drive/Pmbus" --include_path="D:/Workspace/Power/5.Code/FB_LLC/FB_LLC_Test/LLC_HB" --include_path="D:/APP/CCS/ccs/tools/compiler/ti-cgt-arm_5.2.9/include" -g --preproc_with_comment --preproc_with_compile --define=UCD3138A --diag_warning=225 --diag_wrap=off --display_error_number --pp_directory="D:/Workspace/Power/5.Code/FB_LLC/FB_LLC_Test/LLC_HB/Debug/UCD3138A" --obj_directory="Software/Hardware_Drive/Interrupt"  "../Software/Hardware_Drive/Interrupt/interrupt.c"
Finished building: "../Software/Hardware_Drive/Interrupt/interrupt.c"
 
Building target: "LLC_HB.out"
Invoking: Arm Linker
"D:/APP/CCS/ccs/tools/compiler/ti-cgt-arm_5.2.9/bin/armcl" -mv4 --code_state=32 --abi=ti_arm9_abi -O2 -g --preproc_with_comment --preproc_with_compile --define=UCD3138A --diag_warning=225 --diag_wrap=off --display_error_number --pp_directory="D:/Workspace/Power/5.Code/FB_LLC/FB_LLC_Test/LLC_HB/Debug/UCD3138A" -z -m"LLC_HB.map" --stack_size=0x800 --heap_size=0x800 -i"D:/APP/CCS/ccs/tools/compiler/ti-cgt-arm_5.2.9/lib" -i"D:/APP/CCS/ccs/tools/compiler/ti-cgt-arm_5.2.9/include" --reread_libs --diag_wrap=off --display_error_number --warn_sections --xml_link_info="LLC_HB_linkInfo.xml" --rom_model -o "LLC_HB.out" "./Software/APP/main.obj" "./Software/Device/Source/load_UCD3138A.obj" "./Software/Hardware_Drive/Interrupt/interrupt.obj"  -llibc.a -l"D:/Workspace/Power/5.Code/FB_LLC/LLC_Refactoring/LLC_HB/Software/Device/Linker/cyclone_A.cmd" -l"D:/Workspace/Power/5.Code/FB_LLC/LLC_Refactoring/LLC_HB/Software/Device/Linker/cyclone_A_headers.cmd" 
<Linking>
Finished building target: "LLC_HB.out"
 
"D:/APP/CCS/ccs/tools/compiler/ti-cgt-arm_5.2.9/bin/armhex.exe" -x "LLC_HB.out" -o "LLC_HB.x0" -memwidth 8
Translating to Extended Tektronix format...
   "LLC_HB.out" .vectors ==> .vectors
   "LLC_HB.out" .text ==> .text
 

**** Build Finished ****
