
**** Build of configuration Debug for project LLC_HB ****

"D:\\APP\\CCS\\ccs\\utils\\bin\\gmake" -k -j 12 all -O 
 
Building file: "../Software/Device/Source/load_UCD3138A.asm"
Invoking: Arm Compiler
"D:/APP/CCS/ccs/tools/compiler/ti-cgt-arm_5.2.9/bin/armcl" -mv4 --code_state=16 --abi=ti_arm9_abi -O2 --include_path="D:/Workspace/Power/5.Code/FB_LLC/FB_LLC_Test/LLC_HB/Software/including" --include_path="D:/Workspace/Power/5.Code/FB_LLC/FB_LLC_Test/LLC_HB/Software/Device/Header" --include_path="D:/Workspace/Power/5.Code/FB_LLC/FB_LLC_Test/LLC_HB/Software/Hardware_Drive/Interrupt" --include_path="D:/Workspace/Power/5.Code/FB_LLC/FB_LLC_Test/LLC_HB" --include_path="D:/APP/CCS/ccs/tools/compiler/ti-cgt-arm_5.2.9/include" -g --preproc_with_comment --preproc_with_compile --define=UCD3138A --diag_warning=225 --diag_wrap=off --display_error_number --pp_directory="D:/Workspace/Power/5.Code/FB_LLC/FB_LLC_Test/LLC_HB/Debug/UCD3138A" --obj_directory="Software/Device/Source"  "../Software/Device/Source/load_UCD3138A.asm"
Finished building: "../Software/Device/Source/load_UCD3138A.asm"
 
Building file: "../Software/Hardware_Drive/DPP/init_front_ends.c"
Invoking: Arm Compiler
"D:/APP/CCS/ccs/tools/compiler/ti-cgt-arm_5.2.9/bin/armcl" -mv4 --code_state=16 --abi=ti_arm9_abi -O2 --include_path="D:/Workspace/Power/5.Code/FB_LLC/FB_LLC_Test/LLC_HB/Software/including" --include_path="D:/Workspace/Power/5.Code/FB_LLC/FB_LLC_Test/LLC_HB/Software/Device/Header" --include_path="D:/Workspace/Power/5.Code/FB_LLC/FB_LLC_Test/LLC_HB/Software/Hardware_Drive/Interrupt" --include_path="D:/Workspace/Power/5.Code/FB_LLC/FB_LLC_Test/LLC_HB" --include_path="D:/APP/CCS/ccs/tools/compiler/ti-cgt-arm_5.2.9/include" -g --preproc_with_comment --preproc_with_compile --define=UCD3138A --diag_warning=225 --diag_wrap=off --display_error_number --pp_directory="D:/Workspace/Power/5.Code/FB_LLC/FB_LLC_Test/LLC_HB/Debug/UCD3138A" --obj_directory="Software/Hardware_Drive/DPP"  "../Software/Hardware_Drive/DPP/init_front_ends.c"
Finished building: "../Software/Hardware_Drive/DPP/init_front_ends.c"
 
Building file: "../Software/Hardware_Drive/DPP/init_gpio.c"
Invoking: Arm Compiler
"D:/APP/CCS/ccs/tools/compiler/ti-cgt-arm_5.2.9/bin/armcl" -mv4 --code_state=16 --abi=ti_arm9_abi -O2 --include_path="D:/Workspace/Power/5.Code/FB_LLC/FB_LLC_Test/LLC_HB/Software/including" --include_path="D:/Workspace/Power/5.Code/FB_LLC/FB_LLC_Test/LLC_HB/Software/Device/Header" --include_path="D:/Workspace/Power/5.Code/FB_LLC/FB_LLC_Test/LLC_HB/Software/Hardware_Drive/Interrupt" --include_path="D:/Workspace/Power/5.Code/FB_LLC/FB_LLC_Test/LLC_HB" --include_path="D:/APP/CCS/ccs/tools/compiler/ti-cgt-arm_5.2.9/include" -g --preproc_with_comment --preproc_with_compile --define=UCD3138A --diag_warning=225 --diag_wrap=off --display_error_number --pp_directory="D:/Workspace/Power/5.Code/FB_LLC/FB_LLC_Test/LLC_HB/Debug/UCD3138A" --obj_directory="Software/Hardware_Drive/DPP"  "../Software/Hardware_Drive/DPP/init_gpio.c"
Finished building: "../Software/Hardware_Drive/DPP/init_gpio.c"
 
Building file: "../Software/Hardware_Drive/Fault/init_adc.c"
Invoking: Arm Compiler
"D:/APP/CCS/ccs/tools/compiler/ti-cgt-arm_5.2.9/bin/armcl" -mv4 --code_state=16 --abi=ti_arm9_abi -O2 --include_path="D:/Workspace/Power/5.Code/FB_LLC/FB_LLC_Test/LLC_HB/Software/including" --include_path="D:/Workspace/Power/5.Code/FB_LLC/FB_LLC_Test/LLC_HB/Software/Device/Header" --include_path="D:/Workspace/Power/5.Code/FB_LLC/FB_LLC_Test/LLC_HB/Software/Hardware_Drive/Interrupt" --include_path="D:/Workspace/Power/5.Code/FB_LLC/FB_LLC_Test/LLC_HB" --include_path="D:/APP/CCS/ccs/tools/compiler/ti-cgt-arm_5.2.9/include" -g --preproc_with_comment --preproc_with_compile --define=UCD3138A --diag_warning=225 --diag_wrap=off --display_error_number --pp_directory="D:/Workspace/Power/5.Code/FB_LLC/FB_LLC_Test/LLC_HB/Debug/UCD3138A" --obj_directory="Software/Hardware_Drive/Fault"  "../Software/Hardware_Drive/Fault/init_adc.c"
Finished building: "../Software/Hardware_Drive/Fault/init_adc.c"
 
Building file: "../Software/Hardware_Drive/Flash/flash.c"
Invoking: Arm Compiler
"D:/APP/CCS/ccs/tools/compiler/ti-cgt-arm_5.2.9/bin/armcl" -mv4 --code_state=16 --abi=ti_arm9_abi -O2 --include_path="D:/Workspace/Power/5.Code/FB_LLC/FB_LLC_Test/LLC_HB/Software/including" --include_path="D:/Workspace/Power/5.Code/FB_LLC/FB_LLC_Test/LLC_HB/Software/Device/Header" --include_path="D:/Workspace/Power/5.Code/FB_LLC/FB_LLC_Test/LLC_HB/Software/Hardware_Drive/Interrupt" --include_path="D:/Workspace/Power/5.Code/FB_LLC/FB_LLC_Test/LLC_HB" --include_path="D:/APP/CCS/ccs/tools/compiler/ti-cgt-arm_5.2.9/include" -g --preproc_with_comment --preproc_with_compile --define=UCD3138A --diag_warning=225 --diag_wrap=off --display_error_number --pp_directory="D:/Workspace/Power/5.Code/FB_LLC/FB_LLC_Test/LLC_HB/Debug/UCD3138A" --obj_directory="Software/Hardware_Drive/Flash"  "../Software/Hardware_Drive/Flash/flash.c"
Finished building: "../Software/Hardware_Drive/Flash/flash.c"
 
Building file: "../Software/APP/main.c"
Invoking: Arm Compiler
"D:/APP/CCS/ccs/tools/compiler/ti-cgt-arm_5.2.9/bin/armcl" -mv4 --code_state=16 --abi=ti_arm9_abi -O2 --include_path="D:/Workspace/Power/5.Code/FB_LLC/FB_LLC_Test/LLC_HB/Software/including" --include_path="D:/Workspace/Power/5.Code/FB_LLC/FB_LLC_Test/LLC_HB/Software/Device/Header" --include_path="D:/Workspace/Power/5.Code/FB_LLC/FB_LLC_Test/LLC_HB/Software/Hardware_Drive/Interrupt" --include_path="D:/Workspace/Power/5.Code/FB_LLC/FB_LLC_Test/LLC_HB" --include_path="D:/APP/CCS/ccs/tools/compiler/ti-cgt-arm_5.2.9/include" -g --preproc_with_comment --preproc_with_compile --define=UCD3138A --diag_warning=225 --diag_wrap=off --display_error_number --pp_directory="D:/Workspace/Power/5.Code/FB_LLC/FB_LLC_Test/LLC_HB/Debug/UCD3138A" --obj_directory="Software/APP"  "../Software/APP/main.c"
Finished building: "../Software/APP/main.c"
 
Building file: "../Software/Hardware_Drive/DPP/init_filters.c"
Invoking: Arm Compiler
"D:/APP/CCS/ccs/tools/compiler/ti-cgt-arm_5.2.9/bin/armcl" -mv4 --code_state=16 --abi=ti_arm9_abi -O2 --include_path="D:/Workspace/Power/5.Code/FB_LLC/FB_LLC_Test/LLC_HB/Software/including" --include_path="D:/Workspace/Power/5.Code/FB_LLC/FB_LLC_Test/LLC_HB/Software/Device/Header" --include_path="D:/Workspace/Power/5.Code/FB_LLC/FB_LLC_Test/LLC_HB/Software/Hardware_Drive/Interrupt" --include_path="D:/Workspace/Power/5.Code/FB_LLC/FB_LLC_Test/LLC_HB" --include_path="D:/APP/CCS/ccs/tools/compiler/ti-cgt-arm_5.2.9/include" -g --preproc_with_comment --preproc_with_compile --define=UCD3138A --diag_warning=225 --diag_wrap=off --display_error_number --pp_directory="D:/Workspace/Power/5.Code/FB_LLC/FB_LLC_Test/LLC_HB/Debug/UCD3138A" --obj_directory="Software/Hardware_Drive/DPP"  "../Software/Hardware_Drive/DPP/init_filters.c"
Finished building: "../Software/Hardware_Drive/DPP/init_filters.c"
 
Building file: "../Software/Hardware_Drive/DPP/init_loop_mux.c"
Invoking: Arm Compiler
"D:/APP/CCS/ccs/tools/compiler/ti-cgt-arm_5.2.9/bin/armcl" -mv4 --code_state=16 --abi=ti_arm9_abi -O2 --include_path="D:/Workspace/Power/5.Code/FB_LLC/FB_LLC_Test/LLC_HB/Software/including" --include_path="D:/Workspace/Power/5.Code/FB_LLC/FB_LLC_Test/LLC_HB/Software/Device/Header" --include_path="D:/Workspace/Power/5.Code/FB_LLC/FB_LLC_Test/LLC_HB/Software/Hardware_Drive/Interrupt" --include_path="D:/Workspace/Power/5.Code/FB_LLC/FB_LLC_Test/LLC_HB" --include_path="D:/APP/CCS/ccs/tools/compiler/ti-cgt-arm_5.2.9/include" -g --preproc_with_comment --preproc_with_compile --define=UCD3138A --diag_warning=225 --diag_wrap=off --display_error_number --pp_directory="D:/Workspace/Power/5.Code/FB_LLC/FB_LLC_Test/LLC_HB/Debug/UCD3138A" --obj_directory="Software/Hardware_Drive/DPP"  "../Software/Hardware_Drive/DPP/init_loop_mux.c"
Finished building: "../Software/Hardware_Drive/DPP/init_loop_mux.c"
 
Building file: "../Software/Hardware_Drive/Fault/init_fault_mux.c"
Invoking: Arm Compiler
"D:/APP/CCS/ccs/tools/compiler/ti-cgt-arm_5.2.9/bin/armcl" -mv4 --code_state=16 --abi=ti_arm9_abi -O2 --include_path="D:/Workspace/Power/5.Code/FB_LLC/FB_LLC_Test/LLC_HB/Software/including" --include_path="D:/Workspace/Power/5.Code/FB_LLC/FB_LLC_Test/LLC_HB/Software/Device/Header" --include_path="D:/Workspace/Power/5.Code/FB_LLC/FB_LLC_Test/LLC_HB/Software/Hardware_Drive/Interrupt" --include_path="D:/Workspace/Power/5.Code/FB_LLC/FB_LLC_Test/LLC_HB" --include_path="D:/APP/CCS/ccs/tools/compiler/ti-cgt-arm_5.2.9/include" -g --preproc_with_comment --preproc_with_compile --define=UCD3138A --diag_warning=225 --diag_wrap=off --display_error_number --pp_directory="D:/Workspace/Power/5.Code/FB_LLC/FB_LLC_Test/LLC_HB/Debug/UCD3138A" --obj_directory="Software/Hardware_Drive/Fault"  "../Software/Hardware_Drive/Fault/init_fault_mux.c"
Finished building: "../Software/Hardware_Drive/Fault/init_fault_mux.c"
 
Building file: "../Software/Hardware_Drive/Interrupt/clear_program_flash.c"
Invoking: Arm Compiler
"D:/APP/CCS/ccs/tools/compiler/ti-cgt-arm_5.2.9/bin/armcl" -mv4 --code_state=32 --abi=ti_arm9_abi -O2 --include_path="D:/Workspace/Power/5.Code/FB_LLC/FB_LLC_Test/LLC_HB/Software/including" --include_path="D:/Workspace/Power/5.Code/FB_LLC/FB_LLC_Test/LLC_HB/Software/Device/Header" --include_path="D:/Workspace/Power/5.Code/FB_LLC/FB_LLC_Test/LLC_HB/Software/Hardware_Drive/Interrupt" --include_path="D:/Workspace/Power/5.Code/FB_LLC/FB_LLC_Test/LLC_HB" --include_path="D:/APP/CCS/ccs/tools/compiler/ti-cgt-arm_5.2.9/include" -g --preproc_with_comment --preproc_with_compile --define=UCD3138A --diag_warning=225 --diag_wrap=off --display_error_number --pp_directory="D:/Workspace/Power/5.Code/FB_LLC/FB_LLC_Test/LLC_HB/Debug/UCD3138A" --obj_directory="Software/Hardware_Drive/Interrupt"  "../Software/Hardware_Drive/Interrupt/clear_program_flash.c"
Finished building: "../Software/Hardware_Drive/Interrupt/clear_program_flash.c"
 
Building file: "../Software/Hardware_Drive/DPP/init_dpwms.c"
Invoking: Arm Compiler
"D:/APP/CCS/ccs/tools/compiler/ti-cgt-arm_5.2.9/bin/armcl" -mv4 --code_state=16 --abi=ti_arm9_abi -O2 --include_path="D:/Workspace/Power/5.Code/FB_LLC/FB_LLC_Test/LLC_HB/Software/including" --include_path="D:/Workspace/Power/5.Code/FB_LLC/FB_LLC_Test/LLC_HB/Software/Device/Header" --include_path="D:/Workspace/Power/5.Code/FB_LLC/FB_LLC_Test/LLC_HB/Software/Hardware_Drive/Interrupt" --include_path="D:/Workspace/Power/5.Code/FB_LLC/FB_LLC_Test/LLC_HB" --include_path="D:/APP/CCS/ccs/tools/compiler/ti-cgt-arm_5.2.9/include" -g --preproc_with_comment --preproc_with_compile --define=UCD3138A --diag_warning=225 --diag_wrap=off --display_error_number --pp_directory="D:/Workspace/Power/5.Code/FB_LLC/FB_LLC_Test/LLC_HB/Debug/UCD3138A" --obj_directory="Software/Hardware_Drive/DPP"  "../Software/Hardware_Drive/DPP/init_dpwms.c"
Finished building: "../Software/Hardware_Drive/DPP/init_dpwms.c"
 
Building file: "../Software/Hardware_Drive/Interrupt/interrupt.c"
Invoking: Arm Compiler
"D:/APP/CCS/ccs/tools/compiler/ti-cgt-arm_5.2.9/bin/armcl" -mv4 --code_state=32 --abi=ti_arm9_abi -O2 --include_path="D:/Workspace/Power/5.Code/FB_LLC/FB_LLC_Test/LLC_HB/Software/including" --include_path="D:/Workspace/Power/5.Code/FB_LLC/FB_LLC_Test/LLC_HB/Software/Device/Header" --include_path="D:/Workspace/Power/5.Code/FB_LLC/FB_LLC_Test/LLC_HB/Software/Hardware_Drive/Interrupt" --include_path="D:/Workspace/Power/5.Code/FB_LLC/FB_LLC_Test/LLC_HB" --include_path="D:/APP/CCS/ccs/tools/compiler/ti-cgt-arm_5.2.9/include" -g --preproc_with_comment --preproc_with_compile --define=UCD3138A --diag_warning=225 --diag_wrap=off --display_error_number --pp_directory="D:/Workspace/Power/5.Code/FB_LLC/FB_LLC_Test/LLC_HB/Debug/UCD3138A" --obj_directory="Software/Hardware_Drive/Interrupt"  "../Software/Hardware_Drive/Interrupt/interrupt.c"
Finished building: "../Software/Hardware_Drive/Interrupt/interrupt.c"
 
Building file: "../Software/Hardware_Drive/Interrupt/software_interrupt.c"
Invoking: Arm Compiler
"D:/APP/CCS/ccs/tools/compiler/ti-cgt-arm_5.2.9/bin/armcl" -mv4 --code_state=32 --abi=ti_arm9_abi -O2 --include_path="D:/Workspace/Power/5.Code/FB_LLC/FB_LLC_Test/LLC_HB/Software/including" --include_path="D:/Workspace/Power/5.Code/FB_LLC/FB_LLC_Test/LLC_HB/Software/Device/Header" --include_path="D:/Workspace/Power/5.Code/FB_LLC/FB_LLC_Test/LLC_HB/Software/Hardware_Drive/Interrupt" --include_path="D:/Workspace/Power/5.Code/FB_LLC/FB_LLC_Test/LLC_HB" --include_path="D:/APP/CCS/ccs/tools/compiler/ti-cgt-arm_5.2.9/include" -g --preproc_with_comment --preproc_with_compile --define=UCD3138A --diag_warning=225 --diag_wrap=off --display_error_number --pp_directory="D:/Workspace/Power/5.Code/FB_LLC/FB_LLC_Test/LLC_HB/Debug/UCD3138A" --obj_directory="Software/Hardware_Drive/Interrupt"  "../Software/Hardware_Drive/Interrupt/software_interrupt.c"
Finished building: "../Software/Hardware_Drive/Interrupt/software_interrupt.c"
 
Building file: "../Software/Hardware_Drive/Interrupt/software_interrupt_wrapper.c"
Invoking: Arm Compiler
"D:/APP/CCS/ccs/tools/compiler/ti-cgt-arm_5.2.9/bin/armcl" -mv4 --code_state=32 --abi=ti_arm9_abi -O2 --include_path="D:/Workspace/Power/5.Code/FB_LLC/FB_LLC_Test/LLC_HB/Software/including" --include_path="D:/Workspace/Power/5.Code/FB_LLC/FB_LLC_Test/LLC_HB/Software/Device/Header" --include_path="D:/Workspace/Power/5.Code/FB_LLC/FB_LLC_Test/LLC_HB/Software/Hardware_Drive/Interrupt" --include_path="D:/Workspace/Power/5.Code/FB_LLC/FB_LLC_Test/LLC_HB" --include_path="D:/APP/CCS/ccs/tools/compiler/ti-cgt-arm_5.2.9/include" -g --preproc_with_comment --preproc_with_compile --define=UCD3138A --diag_warning=225 --diag_wrap=off --display_error_number --pp_directory="D:/Workspace/Power/5.Code/FB_LLC/FB_LLC_Test/LLC_HB/Debug/UCD3138A" --obj_directory="Software/Hardware_Drive/Interrupt"  "../Software/Hardware_Drive/Interrupt/software_interrupt_wrapper.c"
Finished building: "../Software/Hardware_Drive/Interrupt/software_interrupt_wrapper.c"
 
Building file: "../Software/Hardware_Drive/Pmbus/pmbus_command_indexes.c"
Invoking: Arm Compiler
"D:/APP/CCS/ccs/tools/compiler/ti-cgt-arm_5.2.9/bin/armcl" -mv4 --code_state=16 --abi=ti_arm9_abi -O2 --include_path="D:/Workspace/Power/5.Code/FB_LLC/FB_LLC_Test/LLC_HB/Software/including" --include_path="D:/Workspace/Power/5.Code/FB_LLC/FB_LLC_Test/LLC_HB/Software/Device/Header" --include_path="D:/Workspace/Power/5.Code/FB_LLC/FB_LLC_Test/LLC_HB/Software/Hardware_Drive/Interrupt" --include_path="D:/Workspace/Power/5.Code/FB_LLC/FB_LLC_Test/LLC_HB" --include_path="D:/APP/CCS/ccs/tools/compiler/ti-cgt-arm_5.2.9/include" -g --preproc_with_comment --preproc_with_compile --define=UCD3138A --diag_warning=225 --diag_wrap=off --display_error_number --pp_directory="D:/Workspace/Power/5.Code/FB_LLC/FB_LLC_Test/LLC_HB/Debug/UCD3138A" --obj_directory="Software/Hardware_Drive/Pmbus"  "../Software/Hardware_Drive/Pmbus/pmbus_command_indexes.c"
Finished building: "../Software/Hardware_Drive/Pmbus/pmbus_command_indexes.c"
 
Building file: "../Software/Hardware_Drive/constants.c"
Invoking: Arm Compiler
"D:/APP/CCS/ccs/tools/compiler/ti-cgt-arm_5.2.9/bin/armcl" -mv4 --code_state=16 --abi=ti_arm9_abi -O2 --include_path="D:/Workspace/Power/5.Code/FB_LLC/FB_LLC_Test/LLC_HB/Software/including" --include_path="D:/Workspace/Power/5.Code/FB_LLC/FB_LLC_Test/LLC_HB/Software/Device/Header" --include_path="D:/Workspace/Power/5.Code/FB_LLC/FB_LLC_Test/LLC_HB/Software/Hardware_Drive/Interrupt" --include_path="D:/Workspace/Power/5.Code/FB_LLC/FB_LLC_Test/LLC_HB" --include_path="D:/APP/CCS/ccs/tools/compiler/ti-cgt-arm_5.2.9/include" -g --preproc_with_comment --preproc_with_compile --define=UCD3138A --diag_warning=225 --diag_wrap=off --display_error_number --pp_directory="D:/Workspace/Power/5.Code/FB_LLC/FB_LLC_Test/LLC_HB/Debug/UCD3138A" --obj_directory="Software/Hardware_Drive"  "../Software/Hardware_Drive/constants.c"
Finished building: "../Software/Hardware_Drive/constants.c"
 
Building file: "../Software/Hardware_Drive/Pmbus/pmbus_driver.c"
Invoking: Arm Compiler
"D:/APP/CCS/ccs/tools/compiler/ti-cgt-arm_5.2.9/bin/armcl" -mv4 --code_state=16 --abi=ti_arm9_abi -O2 --include_path="D:/Workspace/Power/5.Code/FB_LLC/FB_LLC_Test/LLC_HB/Software/including" --include_path="D:/Workspace/Power/5.Code/FB_LLC/FB_LLC_Test/LLC_HB/Software/Device/Header" --include_path="D:/Workspace/Power/5.Code/FB_LLC/FB_LLC_Test/LLC_HB/Software/Hardware_Drive/Interrupt" --include_path="D:/Workspace/Power/5.Code/FB_LLC/FB_LLC_Test/LLC_HB" --include_path="D:/APP/CCS/ccs/tools/compiler/ti-cgt-arm_5.2.9/include" -g --preproc_with_comment --preproc_with_compile --define=UCD3138A --diag_warning=225 --diag_wrap=off --display_error_number --pp_directory="D:/Workspace/Power/5.Code/FB_LLC/FB_LLC_Test/LLC_HB/Debug/UCD3138A" --obj_directory="Software/Hardware_Drive/Pmbus"  "../Software/Hardware_Drive/Pmbus/pmbus_driver.c"
Finished building: "../Software/Hardware_Drive/Pmbus/pmbus_driver.c"
 
Building file: "../Software/Hardware_Drive/Interrupt/standard_interrupt.c"
Invoking: Arm Compiler
"D:/APP/CCS/ccs/tools/compiler/ti-cgt-arm_5.2.9/bin/armcl" -mv4 --code_state=32 --abi=ti_arm9_abi -O2 --include_path="D:/Workspace/Power/5.Code/FB_LLC/FB_LLC_Test/LLC_HB/Software/including" --include_path="D:/Workspace/Power/5.Code/FB_LLC/FB_LLC_Test/LLC_HB/Software/Device/Header" --include_path="D:/Workspace/Power/5.Code/FB_LLC/FB_LLC_Test/LLC_HB/Software/Hardware_Drive/Interrupt" --include_path="D:/Workspace/Power/5.Code/FB_LLC/FB_LLC_Test/LLC_HB" --include_path="D:/APP/CCS/ccs/tools/compiler/ti-cgt-arm_5.2.9/include" -g --preproc_with_comment --preproc_with_compile --define=UCD3138A --diag_warning=225 --diag_wrap=off --display_error_number --pp_directory="D:/Workspace/Power/5.Code/FB_LLC/FB_LLC_Test/LLC_HB/Debug/UCD3138A" --obj_directory="Software/Hardware_Drive/Interrupt"  "../Software/Hardware_Drive/Interrupt/standard_interrupt.c"
Finished building: "../Software/Hardware_Drive/Interrupt/standard_interrupt.c"
 
Building file: "../Software/Hardware_Drive/Pmbus/pmbus_common.c"
Invoking: Arm Compiler
"D:/APP/CCS/ccs/tools/compiler/ti-cgt-arm_5.2.9/bin/armcl" -mv4 --code_state=16 --abi=ti_arm9_abi -O2 --include_path="D:/Workspace/Power/5.Code/FB_LLC/FB_LLC_Test/LLC_HB/Software/including" --include_path="D:/Workspace/Power/5.Code/FB_LLC/FB_LLC_Test/LLC_HB/Software/Device/Header" --include_path="D:/Workspace/Power/5.Code/FB_LLC/FB_LLC_Test/LLC_HB/Software/Hardware_Drive/Interrupt" --include_path="D:/Workspace/Power/5.Code/FB_LLC/FB_LLC_Test/LLC_HB" --include_path="D:/APP/CCS/ccs/tools/compiler/ti-cgt-arm_5.2.9/include" -g --preproc_with_comment --preproc_with_compile --define=UCD3138A --diag_warning=225 --diag_wrap=off --display_error_number --pp_directory="D:/Workspace/Power/5.Code/FB_LLC/FB_LLC_Test/LLC_HB/Debug/UCD3138A" --obj_directory="Software/Hardware_Drive/Pmbus"  "../Software/Hardware_Drive/Pmbus/pmbus_common.c"
Finished building: "../Software/Hardware_Drive/Pmbus/pmbus_common.c"
 
Building file: "../Software/Task_Handler/fault_handler.c"
Invoking: Arm Compiler
"D:/APP/CCS/ccs/tools/compiler/ti-cgt-arm_5.2.9/bin/armcl" -mv4 --code_state=16 --abi=ti_arm9_abi -O2 --include_path="D:/Workspace/Power/5.Code/FB_LLC/FB_LLC_Test/LLC_HB/Software/including" --include_path="D:/Workspace/Power/5.Code/FB_LLC/FB_LLC_Test/LLC_HB/Software/Device/Header" --include_path="D:/Workspace/Power/5.Code/FB_LLC/FB_LLC_Test/LLC_HB/Software/Hardware_Drive/Interrupt" --include_path="D:/Workspace/Power/5.Code/FB_LLC/FB_LLC_Test/LLC_HB" --include_path="D:/APP/CCS/ccs/tools/compiler/ti-cgt-arm_5.2.9/include" -g --preproc_with_comment --preproc_with_compile --define=UCD3138A --diag_warning=225 --diag_wrap=off --display_error_number --pp_directory="D:/Workspace/Power/5.Code/FB_LLC/FB_LLC_Test/LLC_HB/Debug/UCD3138A" --obj_directory="Software/Task_Handler"  "../Software/Task_Handler/fault_handler.c"
Finished building: "../Software/Task_Handler/fault_handler.c"
 
Building file: "../Software/Task_Handler/configuration_functions.c"
Invoking: Arm Compiler
"D:/APP/CCS/ccs/tools/compiler/ti-cgt-arm_5.2.9/bin/armcl" -mv4 --code_state=16 --abi=ti_arm9_abi -O2 --include_path="D:/Workspace/Power/5.Code/FB_LLC/FB_LLC_Test/LLC_HB/Software/including" --include_path="D:/Workspace/Power/5.Code/FB_LLC/FB_LLC_Test/LLC_HB/Software/Device/Header" --include_path="D:/Workspace/Power/5.Code/FB_LLC/FB_LLC_Test/LLC_HB/Software/Hardware_Drive/Interrupt" --include_path="D:/Workspace/Power/5.Code/FB_LLC/FB_LLC_Test/LLC_HB" --include_path="D:/APP/CCS/ccs/tools/compiler/ti-cgt-arm_5.2.9/include" -g --preproc_with_comment --preproc_with_compile --define=UCD3138A --diag_warning=225 --diag_wrap=off --display_error_number --pp_directory="D:/Workspace/Power/5.Code/FB_LLC/FB_LLC_Test/LLC_HB/Debug/UCD3138A" --obj_directory="Software/Task_Handler"  "../Software/Task_Handler/configuration_functions.c"
Finished building: "../Software/Task_Handler/configuration_functions.c"
 
Building file: "../Software/Hardware_Drive/cyclone_global_variables_defs.c"
Invoking: Arm Compiler
"D:/APP/CCS/ccs/tools/compiler/ti-cgt-arm_5.2.9/bin/armcl" -mv4 --code_state=16 --abi=ti_arm9_abi -O2 --include_path="D:/Workspace/Power/5.Code/FB_LLC/FB_LLC_Test/LLC_HB/Software/including" --include_path="D:/Workspace/Power/5.Code/FB_LLC/FB_LLC_Test/LLC_HB/Software/Device/Header" --include_path="D:/Workspace/Power/5.Code/FB_LLC/FB_LLC_Test/LLC_HB/Software/Hardware_Drive/Interrupt" --include_path="D:/Workspace/Power/5.Code/FB_LLC/FB_LLC_Test/LLC_HB" --include_path="D:/APP/CCS/ccs/tools/compiler/ti-cgt-arm_5.2.9/include" -g --preproc_with_comment --preproc_with_compile --define=UCD3138A --diag_warning=225 --diag_wrap=off --display_error_number --pp_directory="D:/Workspace/Power/5.Code/FB_LLC/FB_LLC_Test/LLC_HB/Debug/UCD3138A" --obj_directory="Software/Hardware_Drive"  "../Software/Hardware_Drive/cyclone_global_variables_defs.c"
Finished building: "../Software/Hardware_Drive/cyclone_global_variables_defs.c"
 
Building file: "../Software/Task_Handler/scale.c"
Invoking: Arm Compiler
"D:/APP/CCS/ccs/tools/compiler/ti-cgt-arm_5.2.9/bin/armcl" -mv4 --code_state=16 --abi=ti_arm9_abi -O2 --include_path="D:/Workspace/Power/5.Code/FB_LLC/FB_LLC_Test/LLC_HB/Software/including" --include_path="D:/Workspace/Power/5.Code/FB_LLC/FB_LLC_Test/LLC_HB/Software/Device/Header" --include_path="D:/Workspace/Power/5.Code/FB_LLC/FB_LLC_Test/LLC_HB/Software/Hardware_Drive/Interrupt" --include_path="D:/Workspace/Power/5.Code/FB_LLC/FB_LLC_Test/LLC_HB" --include_path="D:/APP/CCS/ccs/tools/compiler/ti-cgt-arm_5.2.9/include" -g --preproc_with_comment --preproc_with_compile --define=UCD3138A --diag_warning=225 --diag_wrap=off --display_error_number --pp_directory="D:/Workspace/Power/5.Code/FB_LLC/FB_LLC_Test/LLC_HB/Debug/UCD3138A" --obj_directory="Software/Task_Handler"  "../Software/Task_Handler/scale.c"
Finished building: "../Software/Task_Handler/scale.c"
 
Building target: "LLC_HB.out"
Invoking: Arm Linker
"D:/APP/CCS/ccs/tools/compiler/ti-cgt-arm_5.2.9/bin/armcl" -mv4 --code_state=32 --abi=ti_arm9_abi -O2 -g --preproc_with_comment --preproc_with_compile --define=UCD3138A --diag_warning=225 --diag_wrap=off --display_error_number --pp_directory="D:/Workspace/Power/5.Code/FB_LLC/FB_LLC_Test/LLC_HB/Debug/UCD3138A" -z -m"LLC_HB.map" --stack_size=0x800 --heap_size=0x800 -i"D:/APP/CCS/ccs/tools/compiler/ti-cgt-arm_5.2.9/lib" -i"D:/APP/CCS/ccs/tools/compiler/ti-cgt-arm_5.2.9/include" --reread_libs --diag_wrap=off --display_error_number --warn_sections --xml_link_info="LLC_HB_linkInfo.xml" --rom_model -o "LLC_HB.out" "./Software/APP/main.obj" "./Software/Device/Source/load_UCD3138A.obj" "./Software/Hardware_Drive/DPP/init_dpwms.obj" "./Software/Hardware_Drive/DPP/init_filters.obj" "./Software/Hardware_Drive/DPP/init_front_ends.obj" "./Software/Hardware_Drive/DPP/init_gpio.obj" "./Software/Hardware_Drive/DPP/init_loop_mux.obj" "./Software/Hardware_Drive/Fault/init_adc.obj" "./Software/Hardware_Drive/Fault/init_fault_mux.obj" "./Software/Hardware_Drive/Flash/flash.obj" "./Software/Hardware_Drive/Interrupt/clear_program_flash.obj" "./Software/Hardware_Drive/Interrupt/interrupt.obj" "./Software/Hardware_Drive/Interrupt/software_interrupt.obj" "./Software/Hardware_Drive/Interrupt/software_interrupt_wrapper.obj" "./Software/Hardware_Drive/Interrupt/standard_interrupt.obj" "./Software/Hardware_Drive/Pmbus/pmbus_command_indexes.obj" "./Software/Hardware_Drive/Pmbus/pmbus_common.obj" "./Software/Hardware_Drive/Pmbus/pmbus_driver.obj" "./Software/Hardware_Drive/constants.obj" "./Software/Hardware_Drive/cyclone_global_variables_defs.obj" "./Software/Task_Handler/configuration_functions.obj" "./Software/Task_Handler/fault_handler.obj" "./Software/Task_Handler/scale.obj"  -llibc.a -l"D:/Workspace/Power/5.Code/FB_LLC/LLC_Refactoring/LLC_HB/Software/Device/Linker/cyclone_A.cmd" -l"D:/Workspace/Power/5.Code/FB_LLC/LLC_Refactoring/LLC_HB/Software/Device/Linker/cyclone_A_headers.cmd" 
<Linking>
Finished building target: "LLC_HB.out"
 
"D:/APP/CCS/ccs/tools/compiler/ti-cgt-arm_5.2.9/bin/armhex.exe" -x "LLC_HB.out" -o "LLC_HB.x0" -memwidth 8
Translating to Extended Tektronix format...
   "LLC_HB.out" .vectors ==> .vectors
   "LLC_HB.out" .text ==> .text
   "LLC_HB.out" .const ==> .const
   "LLC_HB.out" FixedDeviceID ==> FixedDeviceID
   "LLC_HB.out" .CONFIG ==> .CONFIG
 

**** Build Finished ****
